<?xml version="1.0" encoding="UTF-8"?>
<!-- Generated by org.testng.reporters.JUnitReportReporter -->
<testsuite hostname="UKLONDLP66" failures="0" tests="1" name="AjaxControlToolkit.AjaxApplication" time="17.007" errors="0" timestamp="2020-02-26T14:16:30 GMT" skipped="0">
  <testcase classname="AjaxControlToolkit.AjaxApplication" name="HoverMenu" time="17.007"/>
  <system-out/>
</testsuite> <!-- AjaxControlToolkit.AjaxApplication -->
